<?xml version="1.0" encoding="UTF-8"?>
<!-- Generated by org.testng.reporters.JUnitReportReporter -->
<testsuite skipped="9" hostname="MONO-HYD-LAP-37" name="com.apihttps.test.Execution2" tests="17" failures="0" timestamp="27 Aug 2018 09:08:43 GMT" time="18.976" errors="0">
  <testcase name="executeRLAPIforgettingAccessToken" time="5.502" classname="com.apihttps.test.Execution2"/>
  <testcase name="executeRLGetApiwithAccessToken" time="0.659" classname="com.apihttps.test.Execution2"/>
  <testcase name="executeWOPApiforAccessToken" time="2.085" classname="com.apihttps.test.Execution2"/>
  <testcase name="executeWOPApiforToken" time="1.565" classname="com.apihttps.test.Execution2"/>
  <testcase name="executeFinalWopApiwithAccessTokenandToken" time="1.604" classname="com.apihttps.test.Execution2"/>
  <testcase name="ConnectDB" time="7.374" classname="com.apihttps.test.Execution2"/>
  <testcase name="duration" time="0.097" classname="com.apihttps.test.Execution2"/>
  <testcase name="aspectRatio" time="0.090" classname="com.apihttps.test.Execution2"/>
  <testcase name="compareAmcnid" classname="com.apihttps.test.Execution2">
    <skipped/>
  </testcase> <!-- compareAmcnid -->
  <testcase name="compareAltTitle" classname="com.apihttps.test.Execution2">
    <skipped/>
  </testcase> <!-- compareAltTitle -->
  <testcase name="compareSupplier" classname="com.apihttps.test.Execution2">
    <skipped/>
  </testcase> <!-- compareSupplier -->
  <testcase name="compareShowType" classname="com.apihttps.test.Execution2">
    <skipped/>
  </testcase> <!-- compareShowType -->
  <testcase name="compareTitle" classname="com.apihttps.test.Execution2">
    <skipped/>
  </testcase> <!-- compareTitle -->
  <testcase name="compareReleaseyear" classname="com.apihttps.test.Execution2">
    <skipped/>
  </testcase> <!-- compareReleaseyear -->
  <testcase name="compareAltTitleType" classname="com.apihttps.test.Execution2">
    <skipped/>
  </testcase> <!-- compareAltTitleType -->
  <testcase name="executeWopApiwithAccessTokenandToken" classname="com.apihttps.test.Execution2">
    <skipped/>
  </testcase> <!-- executeWopApiwithAccessTokenandToken -->
  <testcase name="compareFirstName" classname="com.apihttps.test.Execution2">
    <skipped/>
  </testcase> <!-- compareFirstName -->
</testsuite> <!-- com.apihttps.test.Execution2 -->
