<?xml version="1.0" encoding="UTF-8"?>
<!-- Generated by org.testng.reporters.JUnitReportReporter -->
<testsuite skipped="10" hostname="MONO-HYD-LAP-37" name="com.apihttps.test.Execution" tests="17" failures="0" timestamp="27 Aug 2018 08:49:58 GMT" time="11.400" errors="0">
  <testcase name="executeRLAPIforgettingAccessToken" time="5.317" classname="com.apihttps.test.Execution"/>
  <testcase name="executeRLGetApiwithAccessToken" time="0.619" classname="com.apihttps.test.Execution"/>
  <testcase name="executeWOPApiforAccessToken" time="1.699" classname="com.apihttps.test.Execution"/>
  <testcase name="executeWOPApiforToken" time="1.539" classname="com.apihttps.test.Execution"/>
  <testcase name="executeWopApiwithAccessTokenandToken" time="1.656" classname="com.apihttps.test.Execution"/>
  <testcase name="compareTitle" time="0.234" classname="com.apihttps.test.Execution"/>
  <testcase name="compareShowType" time="0.336" classname="com.apihttps.test.Execution"/>
  <testcase name="compareReleaseyear" classname="com.apihttps.test.Execution">
    <skipped/>
  </testcase> <!-- compareReleaseyear -->
  <testcase name="compareSupplier" classname="com.apihttps.test.Execution">
    <skipped/>
  </testcase> <!-- compareSupplier -->
  <testcase name="compareAltTitleType" classname="com.apihttps.test.Execution">
    <skipped/>
  </testcase> <!-- compareAltTitleType -->
  <testcase name="compareFirstName" classname="com.apihttps.test.Execution">
    <skipped/>
  </testcase> <!-- compareFirstName -->
  <testcase name="duration" classname="com.apihttps.test.Execution">
    <skipped/>
  </testcase> <!-- duration -->
  <testcase name="ConnectDB" classname="com.apihttps.test.Execution">
    <skipped/>
  </testcase> <!-- ConnectDB -->
  <testcase name="aspectRatio" classname="com.apihttps.test.Execution">
    <skipped/>
  </testcase> <!-- aspectRatio -->
  <testcase name="compareAmcnid" classname="com.apihttps.test.Execution">
    <skipped/>
  </testcase> <!-- compareAmcnid -->
  <testcase name="compareAltTitle" classname="com.apihttps.test.Execution">
    <skipped/>
  </testcase> <!-- compareAltTitle -->
  <testcase name="executeFinalWopApiwithAccessTokenandToken" classname="com.apihttps.test.Execution">
    <skipped/>
  </testcase> <!-- executeFinalWopApiwithAccessTokenandToken -->
</testsuite> <!-- com.apihttps.test.Execution -->
