<?xml version="1.0" encoding="UTF-8"?>
<!-- Generated by org.testng.reporters.JUnitReportReporter -->
<testsuite skipped="5" hostname="MONO-HYD-LAP-30" name="com.apihttps.test.RLtoWOP" tests="17" failures="0" timestamp="04 Sep 2018 14:12:56 GMT" time="7.137" errors="0">
  <testcase name="executeRLAPIforgettingAccessToken" time="1.185" classname="com.apihttps.test.RLtoWOP"/>
  <testcase name="executeRLGetApiwithAccessToken" time="0.595" classname="com.apihttps.test.RLtoWOP"/>
  <testcase name="executeWOPApiforAccessToken" time="1.285" classname="com.apihttps.test.RLtoWOP"/>
  <testcase name="executeWOPApiforToken" time="1.553" classname="com.apihttps.test.RLtoWOP"/>
  <testcase name="executeWopApiwithAccessTokenandToken" time="1.477" classname="com.apihttps.test.RLtoWOP"/>
  <testcase name="compareTitle" time="0.198" classname="com.apihttps.test.RLtoWOP"/>
  <testcase name="compareSupplier" time="0.162" classname="com.apihttps.test.RLtoWOP"/>
  <testcase name="compareAmcnid" time="0.160" classname="com.apihttps.test.RLtoWOP"/>
  <testcase name="compareAltTitle" time="0.146" classname="com.apihttps.test.RLtoWOP"/>
  <testcase name="compareReleaseyear" time="0.124" classname="com.apihttps.test.RLtoWOP"/>
  <testcase name="compareAltTitleType" time="0.144" classname="com.apihttps.test.RLtoWOP"/>
  <testcase name="compareFirstName" time="0.108" classname="com.apihttps.test.RLtoWOP"/>
  <testcase name="ConnectDB" classname="com.apihttps.test.RLtoWOP">
    <skipped/>
  </testcase> <!-- ConnectDB -->
  <testcase name="aspectRatio" classname="com.apihttps.test.RLtoWOP">
    <skipped/>
  </testcase> <!-- aspectRatio -->
  <testcase name="executeFinalWopApiwithAccessTokenandToken" classname="com.apihttps.test.RLtoWOP">
    <skipped/>
  </testcase> <!-- executeFinalWopApiwithAccessTokenandToken -->
  <testcase name="duration" classname="com.apihttps.test.RLtoWOP">
    <skipped/>
  </testcase> <!-- duration -->
  <testcase name="compareShowType" classname="com.apihttps.test.RLtoWOP">
    <skipped/>
  </testcase> <!-- compareShowType -->
</testsuite> <!-- com.apihttps.test.RLtoWOP -->
