<?xml version="1.0" encoding="UTF-8"?>
<!-- Generated by org.testng.reporters.JUnitReportReporter -->
<testsuite skipped="0" hostname="MONO-HYD-LAP-37" name="com.zeustowopcompare.test.Execution" tests="1" failures="0" timestamp="23 Aug 2018 11:48:50 GMT" time="1.001" errors="0">
  <testcase name="ConnectDB" time="1.001" classname="com.zeustowopcompare.test.Execution"/>
</testsuite> <!-- com.zeustowopcompare.test.Execution -->
