<?xml version="1.0" encoding="UTF-8"?>
<!-- Generated by org.testng.reporters.JUnitReportReporter -->
<testsuite skipped="0" hostname="MONO-HYD-LAP-30" name="com.apihttps.test.ZeusToWOP" tests="9" failures="0" timestamp="04 Sep 2018 14:12:56 GMT" time="18.650" errors="0">
  <testcase name="executeRLAPIforgettingAccessToken" time="5.210" classname="com.apihttps.test.ZeusToWOP"/>
  <testcase name="executeRLGetApiwithAccessToken" time="0.643" classname="com.apihttps.test.ZeusToWOP"/>
  <testcase name="executeWOPApiforAccessToken" time="1.750" classname="com.apihttps.test.ZeusToWOP"/>
  <testcase name="executeWOPApiforToken" time="1.577" classname="com.apihttps.test.ZeusToWOP"/>
  <testcase name="executeFinalWopApiwithAccessTokenandToken" time="1.565" classname="com.apihttps.test.ZeusToWOP"/>
  <testcase name="ConnectDB" time="7.700" classname="com.apihttps.test.ZeusToWOP"/>
  <testcase name="Definition" time="0.076" classname="com.apihttps.test.ZeusToWOP"/>
  <testcase name="SEGMENT_COUNT" time="0.064" classname="com.apihttps.test.ZeusToWOP"/>
  <testcase name="aspectRatio" time="0.065" classname="com.apihttps.test.ZeusToWOP"/>
</testsuite> <!-- com.apihttps.test.ZeusToWOP -->
