<?xml version="1.0" encoding="UTF-8"?>
<!-- Generated by org.testng.reporters.JUnitReportReporter -->
<testsuite skipped="0" hostname="MONO-HYD-LAP-37" name="com.apihttps.test.executeAPI" tests="7" failures="0" timestamp="08 Aug 2018 12:08:21 GMT" time="10.491" errors="0">
  <testcase name="executefirstGetAPI" time="4.424" classname="com.apihttps.test.executeAPI"/>
  <testcase name="executeGetApiwithAuthToken" time="0.599" classname="com.apihttps.test.executeAPI"/>
  <testcase name="executeGetApiwithAuthToken_1" time="0.643" classname="com.apihttps.test.executeAPI"/>
  <testcase name="executePostApiwithAuthToken" time="1.472" classname="com.apihttps.test.executeAPI"/>
  <testcase name="executePostApiwithToken" time="1.895" classname="com.apihttps.test.executeAPI"/>
  <testcase name="executeGetApiwithToken" time="1.450" classname="com.apihttps.test.executeAPI"/>
  <testcase name="executecompareRLapiresponses" time="0.008" classname="com.apihttps.test.executeAPI"/>
</testsuite> <!-- com.apihttps.test.executeAPI -->
